Terminals unused in grammar

   "="


Grammar

    0 $accept: input "end of file"

    1 input: prologue_declarations "%%" grammar epilogue.opt

    2 prologue_declarations: %empty
    3                      | prologue_declarations prologue_declaration

    4 prologue_declaration: grammar_declaration
    5                     | "%{...%}"
    6                     | "%<flag>"
    7                     | "%define" variable value
    8                     | "%defines"
    9                     | "%defines" "string"
   10                     | "%error-verbose"
   11                     | "%expect" "integer"
   12                     | "%expect-rr" "integer"
   13                     | "%file-prefix" "string"
   14                     | "%glr-parser"
   15                     | "%initial-action" "{...}"
   16                     | "%language" "string"
   17                     | "%name-prefix" "string"
   18                     | "%no-lines"
   19                     | "%nondeterministic-parser"
   20                     | "%output" "string"

   21 $@1: %empty

   22 prologue_declaration: "%param" $@1 params
   23                     | "%require" "string"
   24                     | "%skeleton" "string"
   25                     | "%token-table"
   26                     | "%verbose"
   27                     | "%yacc"
   28                     | ";"

   29 params: params "{...}"
   30       | "{...}"

   31 grammar_declaration: precedence_declaration
   32                    | symbol_declaration
   33                    | "%start" symbol
   34                    | code_props_type "{...}" generic_symlist
   35                    | "%default-prec"
   36                    | "%no-default-prec"
   37                    | "%code" "{...}"
   38                    | "%code" "identifier" "{...}"

   39 code_props_type: "%destructor"
   40                | "%printer"

   41 union_name: %empty
   42           | "identifier"

   43 grammar_declaration: "%union" union_name "{...}"

   44 $@2: %empty

   45 symbol_declaration: "%nterm" $@2 symbol_defs.1

   46 $@3: %empty

   47 symbol_declaration: "%token" $@3 symbol_defs.1
   48                   | "%type" "<tag>" symbols.1

   49 precedence_declaration: precedence_declarator tag.opt symbols.prec

   50 precedence_declarator: "%left"
   51                      | "%right"
   52                      | "%nonassoc"
   53                      | "%precedence"

   54 tag.opt: %empty
   55        | "<tag>"

   56 symbols.prec: symbol.prec
   57             | symbols.prec symbol.prec

   58 symbol.prec: symbol
   59            | symbol "integer"

   60 symbols.1: symbol
   61          | symbols.1 symbol

   62 generic_symlist: generic_symlist_item
   63                | generic_symlist generic_symlist_item

   64 generic_symlist_item: symbol
   65                     | tag

   66 tag: "<tag>"
   67    | "<*>"
   68    | "<>"

   69 symbol_def: "<tag>"
   70           | id
   71           | id "integer"
   72           | id string_as_id
   73           | id "integer" string_as_id

   74 symbol_defs.1: symbol_def
   75              | symbol_defs.1 symbol_def

   76 grammar: rules_or_grammar_declaration
   77        | grammar rules_or_grammar_declaration

   78 rules_or_grammar_declaration: rules
   79                             | grammar_declaration ";"
   80                             | error ";"

   81 $@4: %empty

   82 rules: id_colon named_ref.opt $@4 rhses.1

   83 rhses.1: rhs
   84        | rhses.1 "|" rhs
   85        | rhses.1 ";"

   86 rhs: %empty
   87    | rhs symbol named_ref.opt
   88    | rhs "{...}" named_ref.opt
   89    | rhs "%?{...}"
   90    | rhs "%empty"
   91    | rhs "%prec" symbol
   92    | rhs "%dprec" "integer"
   93    | rhs "%merge" "<tag>"

   94 named_ref.opt: %empty
   95              | "[identifier]"

   96 variable: "identifier"
   97         | "string"

   98 value: %empty
   99      | "identifier"
  100      | "string"
  101      | "{...}"

  102 id: "identifier"
  103   | "char"

  104 id_colon: "identifier:"

  105 symbol: id
  106       | string_as_id

  107 string_as_id: "string"

  108 epilogue.opt: %empty
  109             | "%%" "epilogue"


Terminals, with rules where they appear

"end of file" (0) 0
error (256) 80
"string" (258) 9 13 16 17 20 23 24 97 100 107
"%token" (259) 47
"%nterm" (260) 45
"%type" (261) 48
"%destructor" (262) 39
"%printer" (263) 40
"%left" (264) 50
"%right" (265) 51
"%nonassoc" (266) 52
"%precedence" (267) 53
"%prec" (268) 91
"%dprec" (269) 92
"%merge" (270) 93
"%code" (271) 37 38
"%default-prec" (272) 35
"%define" (273) 7
"%defines" (274) 8 9
"%error-verbose" (275) 10
"%expect" (276) 11
"%expect-rr" (277) 12
"%<flag>" (278) 6
"%file-prefix" (279) 13
"%glr-parser" (280) 14
"%initial-action" (281) 15
"%language" (282) 16
"%name-prefix" (283) 17
"%no-default-prec" (284) 36
"%no-lines" (285) 18
"%nondeterministic-parser" (286) 19
"%output" (287) 20
"%require" (288) 23
"%skeleton" (289) 24
"%start" (290) 33
"%token-table" (291) 25
"%verbose" (292) 26
"%yacc" (293) 27
"{...}" (294) 15 29 30 34 37 38 43 88 101
"%?{...}" (295) 89
"[identifier]" (296) 95
"char" (297) 103
"epilogue" (298) 109
"=" (299)
"identifier" (300) 38 42 96 99 102
"identifier:" (301) 104
"%%" (302) 1 109
"|" (303) 84
"%{...%}" (304) 5
";" (305) 28 79 80 85
"<tag>" (306) 48 55 66 69 93
"<*>" (307) 67
"<>" (308) 68
"integer" (309) 11 12 59 71 73 92
"%param" (310) 22
"%union" (311) 43
"%empty" (312) 90


Nonterminals, with rules where they appear

$accept (58)
    on left: 0
input (59)
    on left: 1, on right: 0
prologue_declarations (60)
    on left: 2 3, on right: 1 3
prologue_declaration (61)
    on left: 4 5 6 7 8 9 10 11 12 13 14 15 16 17 18 19 20 22 23 24
    25 26 27 28, on right: 3
$@1 (62)
    on left: 21, on right: 22
params (63)
    on left: 29 30, on right: 22 29
grammar_declaration (64)
    on left: 31 32 33 34 35 36 37 38 43, on right: 4 79
code_props_type (65)
    on left: 39 40, on right: 34
union_name (66)
    on left: 41 42, on right: 43
symbol_declaration (67)
    on left: 45 47 48, on right: 32
$@2 (68)
    on left: 44, on right: 45
$@3 (69)
    on left: 46, on right: 47
precedence_declaration (70)
    on left: 49, on right: 31
precedence_declarator (71)
    on left: 50 51 52 53, on right: 49
tag.opt (72)
    on left: 54 55, on right: 49
symbols.prec (73)
    on left: 56 57, on right: 49 57
symbol.prec (74)
    on left: 58 59, on right: 56 57
symbols.1 (75)
    on left: 60 61, on right: 48 61
generic_symlist (76)
    on left: 62 63, on right: 34 63
generic_symlist_item (77)
    on left: 64 65, on right: 62 63
tag (78)
    on left: 66 67 68, on right: 65
symbol_def (79)
    on left: 69 70 71 72 73, on right: 74 75
symbol_defs.1 (80)
    on left: 74 75, on right: 45 47 75
grammar (81)
    on left: 76 77, on right: 1 77
rules_or_grammar_declaration (82)
    on left: 78 79 80, on right: 76 77
rules (83)
    on left: 82, on right: 78
$@4 (84)
    on left: 81, on right: 82
rhses.1 (85)
    on left: 83 84 85, on right: 82 84 85
rhs (86)
    on left: 86 87 88 89 90 91 92 93, on right: 83 84 87 88 89 90 91
    92 93
named_ref.opt (87)
    on left: 94 95, on right: 82 87 88
variable (88)
    on left: 96 97, on right: 7
value (89)
    on left: 98 99 100 101, on right: 7
id (90)
    on left: 102 103, on right: 70 71 72 73 105
id_colon (91)
    on left: 104, on right: 82
symbol (92)
    on left: 105 106, on right: 33 58 59 60 61 64 87 91
string_as_id (93)
    on left: 107, on right: 72 73 106
epilogue.opt (94)
    on left: 108 109, on right: 1


State 0

    0 $accept: . input "end of file"
    1 input: . prologue_declarations "%%" grammar epilogue.opt
    2 prologue_declarations: . %empty
    3                      | . prologue_declarations prologue_declaration

    $default  reduce using rule 2 (prologue_declarations)

    input                  go to state 1
    prologue_declarations  go to state 2


State 1

    0 $accept: input . "end of file"

    "end of file"  shift, and go to state 3


State 2

    1 input: prologue_declarations . "%%" grammar epilogue.opt
    3 prologue_declarations: prologue_declarations . prologue_declaration
    4 prologue_declaration: . grammar_declaration
    5                     | . "%{...%}"
    6                     | . "%<flag>"
    7                     | . "%define" variable value
    8                     | . "%defines"
    9                     | . "%defines" "string"
   10                     | . "%error-verbose"
   11                     | . "%expect" "integer"
   12                     | . "%expect-rr" "integer"
   13                     | . "%file-prefix" "string"
   14                     | . "%glr-parser"
   15                     | . "%initial-action" "{...}"
   16                     | . "%language" "string"
   17                     | . "%name-prefix" "string"
   18                     | . "%no-lines"
   19                     | . "%nondeterministic-parser"
   20                     | . "%output" "string"
   22                     | . "%param" $@1 params
   23                     | . "%require" "string"
   24                     | . "%skeleton" "string"
   25                     | . "%token-table"
   26                     | . "%verbose"
   27                     | . "%yacc"
   28                     | . ";"
   31 grammar_declaration: . precedence_declaration
   32                    | . symbol_declaration
   33                    | . "%start" symbol
   34                    | . code_props_type "{...}" generic_symlist
   35                    | . "%default-prec"
   36                    | . "%no-default-prec"
   37                    | . "%code" "{...}"
   38                    | . "%code" "identifier" "{...}"
   39 code_props_type: . "%destructor"
   40                | . "%printer"
   43 grammar_declaration: . "%union" union_name "{...}"
   45 symbol_declaration: . "%nterm" $@2 symbol_defs.1
   47                   | . "%token" $@3 symbol_defs.1
   48                   | . "%type" "<tag>" symbols.1
   49 precedence_declaration: . precedence_declarator tag.opt symbols.prec
   50 precedence_declarator: . "%left"
   51                      | . "%right"
   52                      | . "%nonassoc"
   53                      | . "%precedence"

    "%token"                    shift, and go to state 4
    "%nterm"                    shift, and go to state 5
    "%type"                     shift, and go to state 6
    "%destructor"               shift, and go to state 7
    "%printer"                  shift, and go to state 8
    "%left"                     shift, and go to state 9
    "%right"                    shift, and go to state 10
    "%nonassoc"                 shift, and go to state 11
    "%precedence"               shift, and go to state 12
    "%code"                     shift, and go to state 13
    "%default-prec"             shift, and go to state 14
    "%define"                   shift, and go to state 15
    "%defines"                  shift, and go to state 16
    "%error-verbose"            shift, and go to state 17
    "%expect"                   shift, and go to state 18
    "%expect-rr"                shift, and go to state 19
    "%<flag>"                   shift, and go to state 20
    "%file-prefix"              shift, and go to state 21
    "%glr-parser"               shift, and go to state 22
    "%initial-action"           shift, and go to state 23
    "%language"                 shift, and go to state 24
    "%name-prefix"              shift, and go to state 25
    "%no-default-prec"          shift, and go to state 26
    "%no-lines"                 shift, and go to state 27
    "%nondeterministic-parser"  shift, and go to state 28
    "%output"                   shift, and go to state 29
    "%require"                  shift, and go to state 30
    "%skeleton"                 shift, and go to state 31
    "%start"                    shift, and go to state 32
    "%token-table"              shift, and go to state 33
    "%verbose"                  shift, and go to state 34
    "%yacc"                     shift, and go to state 35
    "%%"                        shift, and go to state 36
    "%{...%}"                   shift, and go to state 37
    ";"                         shift, and go to state 38
    "%param"                    shift, and go to state 39
    "%union"                    shift, and go to state 40

    prologue_declaration    go to state 41
    grammar_declaration     go to state 42
    code_props_type         go to state 43
    symbol_declaration      go to state 44
    precedence_declaration  go to state 45
    precedence_declarator   go to state 46


State 3

    0 $accept: input "end of file" .

    $default  accept


State 4

   46 $@3: . %empty
   47 symbol_declaration: "%token" . $@3 symbol_defs.1

    $default  reduce using rule 46 ($@3)

    $@3  go to state 47


State 5

   44 $@2: . %empty
   45 symbol_declaration: "%nterm" . $@2 symbol_defs.1

    $default  reduce using rule 44 ($@2)

    $@2  go to state 48


State 6

   48 symbol_declaration: "%type" . "<tag>" symbols.1

    "<tag>"  shift, and go to state 49


State 7

   39 code_props_type: "%destructor" .

    $default  reduce using rule 39 (code_props_type)


State 8

   40 code_props_type: "%printer" .

    $default  reduce using rule 40 (code_props_type)


State 9

   50 precedence_declarator: "%left" .

    $default  reduce using rule 50 (precedence_declarator)


State 10

   51 precedence_declarator: "%right" .

    $default  reduce using rule 51 (precedence_declarator)


State 11

   52 precedence_declarator: "%nonassoc" .

    $default  reduce using rule 52 (precedence_declarator)


State 12

   53 precedence_declarator: "%precedence" .

    $default  reduce using rule 53 (precedence_declarator)


State 13

   37 grammar_declaration: "%code" . "{...}"
   38                    | "%code" . "identifier" "{...}"

    "{...}"       shift, and go to state 50
    "identifier"  shift, and go to state 51


State 14

   35 grammar_declaration: "%default-prec" .

    $default  reduce using rule 35 (grammar_declaration)


State 15

    7 prologue_declaration: "%define" . variable value
   96 variable: . "identifier"
   97         | . "string"

    "string"      shift, and go to state 52
    "identifier"  shift, and go to state 53

    variable  go to state 54


State 16

    8 prologue_declaration: "%defines" .  ["%token", "%nterm", "%type", "%destructor", "%printer", "%left", "%right", "%nonassoc", "%precedence", "%code", "%default-prec", "%define", "%defines", "%error-verbose", "%expect", "%expect-rr", "%<flag>", "%file-prefix", "%glr-parser", "%initial-action", "%language", "%name-prefix", "%no-default-prec", "%no-lines", "%nondeterministic-parser", "%output", "%require", "%skeleton", "%start", "%token-table", "%verbose", "%yacc", "%%", "%{...%}", ";", "%param", "%union"]
    9                     | "%defines" . "string"

    "string"  shift, and go to state 55

    $default  reduce using rule 8 (prologue_declaration)


State 17

   10 prologue_declaration: "%error-verbose" .

    $default  reduce using rule 10 (prologue_declaration)


State 18

   11 prologue_declaration: "%expect" . "integer"

    "integer"  shift, and go to state 56


State 19

   12 prologue_declaration: "%expect-rr" . "integer"

    "integer"  shift, and go to state 57


State 20

    6 prologue_declaration: "%<flag>" .

    $default  reduce using rule 6 (prologue_declaration)


State 21

   13 prologue_declaration: "%file-prefix" . "string"

    "string"  shift, and go to state 58


State 22

   14 prologue_declaration: "%glr-parser" .

    $default  reduce using rule 14 (prologue_declaration)


State 23

   15 prologue_declaration: "%initial-action" . "{...}"

    "{...}"  shift, and go to state 59


State 24

   16 prologue_declaration: "%language" . "string"

    "string"  shift, and go to state 60


State 25

   17 prologue_declaration: "%name-prefix" . "string"

    "string"  shift, and go to state 61


State 26

   36 grammar_declaration: "%no-default-prec" .

    $default  reduce using rule 36 (grammar_declaration)


State 27

   18 prologue_declaration: "%no-lines" .

    $default  reduce using rule 18 (prologue_declaration)


State 28

   19 prologue_declaration: "%nondeterministic-parser" .

    $default  reduce using rule 19 (prologue_declaration)


State 29

   20 prologue_declaration: "%output" . "string"

    "string"  shift, and go to state 62


State 30

   23 prologue_declaration: "%require" . "string"

    "string"  shift, and go to state 63


State 31

   24 prologue_declaration: "%skeleton" . "string"

    "string"  shift, and go to state 64


State 32

   33 grammar_declaration: "%start" . symbol
  102 id: . "identifier"
  103   | . "char"
  105 symbol: . id
  106       | . string_as_id
  107 string_as_id: . "string"

    "string"      shift, and go to state 65
    "char"        shift, and go to state 66
    "identifier"  shift, and go to state 67

    id            go to state 68
    symbol        go to state 69
    string_as_id  go to state 70


State 33

   25 prologue_declaration: "%token-table" .

    $default  reduce using rule 25 (prologue_declaration)


State 34

   26 prologue_declaration: "%verbose" .

    $default  reduce using rule 26 (prologue_declaration)


State 35

   27 prologue_declaration: "%yacc" .

    $default  reduce using rule 27 (prologue_declaration)


State 36

    1 input: prologue_declarations "%%" . grammar epilogue.opt
   31 grammar_declaration: . precedence_declaration
   32                    | . symbol_declaration
   33                    | . "%start" symbol
   34                    | . code_props_type "{...}" generic_symlist
   35                    | . "%default-prec"
   36                    | . "%no-default-prec"
   37                    | . "%code" "{...}"
   38                    | . "%code" "identifier" "{...}"
   39 code_props_type: . "%destructor"
   40                | . "%printer"
   43 grammar_declaration: . "%union" union_name "{...}"
   45 symbol_declaration: . "%nterm" $@2 symbol_defs.1
   47                   | . "%token" $@3 symbol_defs.1
   48                   | . "%type" "<tag>" symbols.1
   49 precedence_declaration: . precedence_declarator tag.opt symbols.prec
   50 precedence_declarator: . "%left"
   51                      | . "%right"
   52                      | . "%nonassoc"
   53                      | . "%precedence"
   76 grammar: . rules_or_grammar_declaration
   77        | . grammar rules_or_grammar_declaration
   78 rules_or_grammar_declaration: . rules
   79                             | . grammar_declaration ";"
   80                             | . error ";"
   82 rules: . id_colon named_ref.opt $@4 rhses.1
  104 id_colon: . "identifier:"

    error               shift, and go to state 71
    "%token"            shift, and go to state 4
    "%nterm"            shift, and go to state 5
    "%type"             shift, and go to state 6
    "%destructor"       shift, and go to state 7
    "%printer"          shift, and go to state 8
    "%left"             shift, and go to state 9
    "%right"            shift, and go to state 10
    "%nonassoc"         shift, and go to state 11
    "%precedence"       shift, and go to state 12
    "%code"             shift, and go to state 13
    "%default-prec"     shift, and go to state 14
    "%no-default-prec"  shift, and go to state 26
    "%start"            shift, and go to state 32
    "identifier:"       shift, and go to state 72
    "%union"            shift, and go to state 40

    grammar_declaration           go to state 73
    code_props_type               go to state 43
    symbol_declaration            go to state 44
    precedence_declaration        go to state 45
    precedence_declarator         go to state 46
    grammar                       go to state 74
    rules_or_grammar_declaration  go to state 75
    rules                         go to state 76
    id_colon                      go to state 77


State 37

    5 prologue_declaration: "%{...%}" .

    $default  reduce using rule 5 (prologue_declaration)


State 38

   28 prologue_declaration: ";" .

    $default  reduce using rule 28 (prologue_declaration)


State 39

   21 $@1: . %empty
   22 prologue_declaration: "%param" . $@1 params

    $default  reduce using rule 21 ($@1)

    $@1  go to state 78


State 40

   41 union_name: . %empty  ["{...}"]
   42           | . "identifier"
   43 grammar_declaration: "%union" . union_name "{...}"

    "identifier"  shift, and go to state 79

    $default  reduce using rule 41 (union_name)

    union_name  go to state 80


State 41

    3 prologue_declarations: prologue_declarations prologue_declaration .

    $default  reduce using rule 3 (prologue_declarations)


State 42

    4 prologue_declaration: grammar_declaration .

    $default  reduce using rule 4 (prologue_declaration)


State 43

   34 grammar_declaration: code_props_type . "{...}" generic_symlist

    "{...}"  shift, and go to state 81


State 44

   32 grammar_declaration: symbol_declaration .

    $default  reduce using rule 32 (grammar_declaration)


State 45

   31 grammar_declaration: precedence_declaration .

    $default  reduce using rule 31 (grammar_declaration)


State 46

   49 precedence_declaration: precedence_declarator . tag.opt symbols.prec
   54 tag.opt: . %empty  ["string", "char", "identifier"]
   55        | . "<tag>"

    "<tag>"  shift, and go to state 82

    $default  reduce using rule 54 (tag.opt)

    tag.opt  go to state 83


State 47

   47 symbol_declaration: "%token" $@3 . symbol_defs.1
   69 symbol_def: . "<tag>"
   70           | . id
   71           | . id "integer"
   72           | . id string_as_id
   73           | . id "integer" string_as_id
   74 symbol_defs.1: . symbol_def
   75              | . symbol_defs.1 symbol_def
  102 id: . "identifier"
  103   | . "char"

    "char"        shift, and go to state 66
    "identifier"  shift, and go to state 67
    "<tag>"       shift, and go to state 84

    symbol_def     go to state 85
    symbol_defs.1  go to state 86
    id             go to state 87


State 48

   45 symbol_declaration: "%nterm" $@2 . symbol_defs.1
   69 symbol_def: . "<tag>"
   70           | . id
   71           | . id "integer"
   72           | . id string_as_id
   73           | . id "integer" string_as_id
   74 symbol_defs.1: . symbol_def
   75              | . symbol_defs.1 symbol_def
  102 id: . "identifier"
  103   | . "char"

    "char"        shift, and go to state 66
    "identifier"  shift, and go to state 67
    "<tag>"       shift, and go to state 84

    symbol_def     go to state 85
    symbol_defs.1  go to state 88
    id             go to state 87


State 49

   48 symbol_declaration: "%type" "<tag>" . symbols.1
   60 symbols.1: . symbol
   61          | . symbols.1 symbol
  102 id: . "identifier"
  103   | . "char"
  105 symbol: . id
  106       | . string_as_id
  107 string_as_id: . "string"

    "string"      shift, and go to state 65
    "char"        shift, and go to state 66
    "identifier"  shift, and go to state 67

    symbols.1     go to state 89
    id            go to state 68
    symbol        go to state 90
    string_as_id  go to state 70


State 50

   37 grammar_declaration: "%code" "{...}" .

    $default  reduce using rule 37 (grammar_declaration)


State 51

   38 grammar_declaration: "%code" "identifier" . "{...}"

    "{...}"  shift, and go to state 91


State 52

   97 variable: "string" .

    $default  reduce using rule 97 (variable)


State 53

   96 variable: "identifier" .

    $default  reduce using rule 96 (variable)


State 54

    7 prologue_declaration: "%define" variable . value
   98 value: . %empty  ["%token", "%nterm", "%type", "%destructor", "%printer", "%left", "%right", "%nonassoc", "%precedence", "%code", "%default-prec", "%define", "%defines", "%error-verbose", "%expect", "%expect-rr", "%<flag>", "%file-prefix", "%glr-parser", "%initial-action", "%language", "%name-prefix", "%no-default-prec", "%no-lines", "%nondeterministic-parser", "%output", "%require", "%skeleton", "%start", "%token-table", "%verbose", "%yacc", "%%", "%{...%}", ";", "%param", "%union"]
   99      | . "identifier"
  100      | . "string"
  101      | . "{...}"

    "string"      shift, and go to state 92
    "{...}"       shift, and go to state 93
    "identifier"  shift, and go to state 94

    $default  reduce using rule 98 (value)

    value  go to state 95


State 55

    9 prologue_declaration: "%defines" "string" .

    $default  reduce using rule 9 (prologue_declaration)


State 56

   11 prologue_declaration: "%expect" "integer" .

    $default  reduce using rule 11 (prologue_declaration)


State 57

   12 prologue_declaration: "%expect-rr" "integer" .

    $default  reduce using rule 12 (prologue_declaration)


State 58

   13 prologue_declaration: "%file-prefix" "string" .

    $default  reduce using rule 13 (prologue_declaration)


State 59

   15 prologue_declaration: "%initial-action" "{...}" .

    $default  reduce using rule 15 (prologue_declaration)


State 60

   16 prologue_declaration: "%language" "string" .

    $default  reduce using rule 16 (prologue_declaration)


State 61

   17 prologue_declaration: "%name-prefix" "string" .

    $default  reduce using rule 17 (prologue_declaration)


State 62

   20 prologue_declaration: "%output" "string" .

    $default  reduce using rule 20 (prologue_declaration)


State 63

   23 prologue_declaration: "%require" "string" .

    $default  reduce using rule 23 (prologue_declaration)


State 64

   24 prologue_declaration: "%skeleton" "string" .

    $default  reduce using rule 24 (prologue_declaration)


State 65

  107 string_as_id: "string" .

    $default  reduce using rule 107 (string_as_id)


State 66

  103 id: "char" .

    $default  reduce using rule 103 (id)


State 67

  102 id: "identifier" .

    $default  reduce using rule 102 (id)


State 68

  105 symbol: id .

    $default  reduce using rule 105 (symbol)


State 69

   33 grammar_declaration: "%start" symbol .

    $default  reduce using rule 33 (grammar_declaration)


State 70

  106 symbol: string_as_id .

    $default  reduce using rule 106 (symbol)


State 71

   80 rules_or_grammar_declaration: error . ";"

    ";"  shift, and go to state 96


State 72

  104 id_colon: "identifier:" .

    $default  reduce using rule 104 (id_colon)


State 73

   79 rules_or_grammar_declaration: grammar_declaration . ";"

    ";"  shift, and go to state 97


State 74

    1 input: prologue_declarations "%%" grammar . epilogue.opt
   31 grammar_declaration: . precedence_declaration
   32                    | . symbol_declaration
   33                    | . "%start" symbol
   34                    | . code_props_type "{...}" generic_symlist
   35                    | . "%default-prec"
   36                    | . "%no-default-prec"
   37                    | . "%code" "{...}"
   38                    | . "%code" "identifier" "{...}"
   39 code_props_type: . "%destructor"
   40                | . "%printer"
   43 grammar_declaration: . "%union" union_name "{...}"
   45 symbol_declaration: . "%nterm" $@2 symbol_defs.1
   47                   | . "%token" $@3 symbol_defs.1
   48                   | . "%type" "<tag>" symbols.1
   49 precedence_declaration: . precedence_declarator tag.opt symbols.prec
   50 precedence_declarator: . "%left"
   51                      | . "%right"
   52                      | . "%nonassoc"
   53                      | . "%precedence"
   77 grammar: grammar . rules_or_grammar_declaration
   78 rules_or_grammar_declaration: . rules
   79                             | . grammar_declaration ";"
   80                             | . error ";"
   82 rules: . id_colon named_ref.opt $@4 rhses.1
  104 id_colon: . "identifier:"
  108 epilogue.opt: . %empty  ["end of file"]
  109             | . "%%" "epilogue"

    error               shift, and go to state 71
    "%token"            shift, and go to state 4
    "%nterm"            shift, and go to state 5
    "%type"             shift, and go to state 6
    "%destructor"       shift, and go to state 7
    "%printer"          shift, and go to state 8
    "%left"             shift, and go to state 9
    "%right"            shift, and go to state 10
    "%nonassoc"         shift, and go to state 11
    "%precedence"       shift, and go to state 12
    "%code"             shift, and go to state 13
    "%default-prec"     shift, and go to state 14
    "%no-default-prec"  shift, and go to state 26
    "%start"            shift, and go to state 32
    "identifier:"       shift, and go to state 72
    "%%"                shift, and go to state 98
    "%union"            shift, and go to state 40

    "end of file"  reduce using rule 108 (epilogue.opt)

    grammar_declaration           go to state 73
    code_props_type               go to state 43
    symbol_declaration            go to state 44
    precedence_declaration        go to state 45
    precedence_declarator         go to state 46
    rules_or_grammar_declaration  go to state 99
    rules                         go to state 76
    id_colon                      go to state 77
    epilogue.opt                  go to state 100


State 75

   76 grammar: rules_or_grammar_declaration .

    $default  reduce using rule 76 (grammar)


State 76

   78 rules_or_grammar_declaration: rules .

    $default  reduce using rule 78 (rules_or_grammar_declaration)


State 77

   82 rules: id_colon . named_ref.opt $@4 rhses.1
   94 named_ref.opt: . %empty  ["end of file", error, "string", "%token", "%nterm", "%type", "%destructor", "%printer", "%left", "%right", "%nonassoc", "%precedence", "%prec", "%dprec", "%merge", "%code", "%default-prec", "%no-default-prec", "%start", "{...}", "%?{...}", "char", "identifier", "identifier:", "%%", "|", ";", "%union", "%empty"]
   95              | . "[identifier]"

    "[identifier]"  shift, and go to state 101

    $default  reduce using rule 94 (named_ref.opt)

    named_ref.opt  go to state 102


State 78

   22 prologue_declaration: "%param" $@1 . params
   29 params: . params "{...}"
   30       | . "{...}"

    "{...}"  shift, and go to state 103

    params  go to state 104


State 79

   42 union_name: "identifier" .

    $default  reduce using rule 42 (union_name)


State 80

   43 grammar_declaration: "%union" union_name . "{...}"

    "{...}"  shift, and go to state 105


State 81

   34 grammar_declaration: code_props_type "{...}" . generic_symlist
   62 generic_symlist: . generic_symlist_item
   63                | . generic_symlist generic_symlist_item
   64 generic_symlist_item: . symbol
   65                     | . tag
   66 tag: . "<tag>"
   67    | . "<*>"
   68    | . "<>"
  102 id: . "identifier"
  103   | . "char"
  105 symbol: . id
  106       | . string_as_id
  107 string_as_id: . "string"

    "string"      shift, and go to state 65
    "char"        shift, and go to state 66
    "identifier"  shift, and go to state 67
    "<tag>"       shift, and go to state 106
    "<*>"         shift, and go to state 107
    "<>"          shift, and go to state 108

    generic_symlist       go to state 109
    generic_symlist_item  go to state 110
    tag                   go to state 111
    id                    go to state 68
    symbol                go to state 112
    string_as_id          go to state 70


State 82

   55 tag.opt: "<tag>" .

    $default  reduce using rule 55 (tag.opt)


State 83

   49 precedence_declaration: precedence_declarator tag.opt . symbols.prec
   56 symbols.prec: . symbol.prec
   57             | . symbols.prec symbol.prec
   58 symbol.prec: . symbol
   59            | . symbol "integer"
  102 id: . "identifier"
  103   | . "char"
  105 symbol: . id
  106       | . string_as_id
  107 string_as_id: . "string"

    "string"      shift, and go to state 65
    "char"        shift, and go to state 66
    "identifier"  shift, and go to state 67

    symbols.prec  go to state 113
    symbol.prec   go to state 114
    id            go to state 68
    symbol        go to state 115
    string_as_id  go to state 70


State 84

   69 symbol_def: "<tag>" .

    $default  reduce using rule 69 (symbol_def)


State 85

   74 symbol_defs.1: symbol_def .

    $default  reduce using rule 74 (symbol_defs.1)


State 86

   47 symbol_declaration: "%token" $@3 symbol_defs.1 .  ["%token", "%nterm", "%type", "%destructor", "%printer", "%left", "%right", "%nonassoc", "%precedence", "%code", "%default-prec", "%define", "%defines", "%error-verbose", "%expect", "%expect-rr", "%<flag>", "%file-prefix", "%glr-parser", "%initial-action", "%language", "%name-prefix", "%no-default-prec", "%no-lines", "%nondeterministic-parser", "%output", "%require", "%skeleton", "%start", "%token-table", "%verbose", "%yacc", "%%", "%{...%}", ";", "%param", "%union"]
   69 symbol_def: . "<tag>"
   70           | . id
   71           | . id "integer"
   72           | . id string_as_id
   73           | . id "integer" string_as_id
   75 symbol_defs.1: symbol_defs.1 . symbol_def
  102 id: . "identifier"
  103   | . "char"

    "char"        shift, and go to state 66
    "identifier"  shift, and go to state 67
    "<tag>"       shift, and go to state 84

    $default  reduce using rule 47 (symbol_declaration)

    symbol_def  go to state 116
    id          go to state 87


State 87

   70 symbol_def: id .  ["%token", "%nterm", "%type", "%destructor", "%printer", "%left", "%right", "%nonassoc", "%precedence", "%code", "%default-prec", "%define", "%defines", "%error-verbose", "%expect", "%expect-rr", "%<flag>", "%file-prefix", "%glr-parser", "%initial-action", "%language", "%name-prefix", "%no-default-prec", "%no-lines", "%nondeterministic-parser", "%output", "%require", "%skeleton", "%start", "%token-table", "%verbose", "%yacc", "char", "identifier", "%%", "%{...%}", ";", "<tag>", "%param", "%union"]
   71           | id . "integer"
   72           | id . string_as_id
   73           | id . "integer" string_as_id
  107 string_as_id: . "string"

    "string"   shift, and go to state 65
    "integer"  shift, and go to state 117

    $default  reduce using rule 70 (symbol_def)

    string_as_id  go to state 118


State 88

   45 symbol_declaration: "%nterm" $@2 symbol_defs.1 .  ["%token", "%nterm", "%type", "%destructor", "%printer", "%left", "%right", "%nonassoc", "%precedence", "%code", "%default-prec", "%define", "%defines", "%error-verbose", "%expect", "%expect-rr", "%<flag>", "%file-prefix", "%glr-parser", "%initial-action", "%language", "%name-prefix", "%no-default-prec", "%no-lines", "%nondeterministic-parser", "%output", "%require", "%skeleton", "%start", "%token-table", "%verbose", "%yacc", "%%", "%{...%}", ";", "%param", "%union"]
   69 symbol_def: . "<tag>"
   70           | . id
   71           | . id "integer"
   72           | . id string_as_id
   73           | . id "integer" string_as_id
   75 symbol_defs.1: symbol_defs.1 . symbol_def
  102 id: . "identifier"
  103   | . "char"

    "char"        shift, and go to state 66
    "identifier"  shift, and go to state 67
    "<tag>"       shift, and go to state 84

    $default  reduce using rule 45 (symbol_declaration)

    symbol_def  go to state 116
    id          go to state 87


State 89

   48 symbol_declaration: "%type" "<tag>" symbols.1 .  ["%token", "%nterm", "%type", "%destructor", "%printer", "%left", "%right", "%nonassoc", "%precedence", "%code", "%default-prec", "%define", "%defines", "%error-verbose", "%expect", "%expect-rr", "%<flag>", "%file-prefix", "%glr-parser", "%initial-action", "%language", "%name-prefix", "%no-default-prec", "%no-lines", "%nondeterministic-parser", "%output", "%require", "%skeleton", "%start", "%token-table", "%verbose", "%yacc", "%%", "%{...%}", ";", "%param", "%union"]
   61 symbols.1: symbols.1 . symbol
  102 id: . "identifier"
  103   | . "char"
  105 symbol: . id
  106       | . string_as_id
  107 string_as_id: . "string"

    "string"      shift, and go to state 65
    "char"        shift, and go to state 66
    "identifier"  shift, and go to state 67

    $default  reduce using rule 48 (symbol_declaration)

    id            go to state 68
    symbol        go to state 119
    string_as_id  go to state 70


State 90

   60 symbols.1: symbol .

    $default  reduce using rule 60 (symbols.1)


State 91

   38 grammar_declaration: "%code" "identifier" "{...}" .

    $default  reduce using rule 38 (grammar_declaration)


State 92

  100 value: "string" .

    $default  reduce using rule 100 (value)


State 93

  101 value: "{...}" .

    $default  reduce using rule 101 (value)


State 94

   99 value: "identifier" .

    $default  reduce using rule 99 (value)


State 95

    7 prologue_declaration: "%define" variable value .

    $default  reduce using rule 7 (prologue_declaration)


State 96

   80 rules_or_grammar_declaration: error ";" .

    $default  reduce using rule 80 (rules_or_grammar_declaration)


State 97

   79 rules_or_grammar_declaration: grammar_declaration ";" .

    $default  reduce using rule 79 (rules_or_grammar_declaration)


State 98

  109 epilogue.opt: "%%" . "epilogue"

    "epilogue"  shift, and go to state 120


State 99

   77 grammar: grammar rules_or_grammar_declaration .

    $default  reduce using rule 77 (grammar)


State 100

    1 input: prologue_declarations "%%" grammar epilogue.opt .

    $default  reduce using rule 1 (input)


State 101

   95 named_ref.opt: "[identifier]" .

    $default  reduce using rule 95 (named_ref.opt)


State 102

   81 $@4: . %empty
   82 rules: id_colon named_ref.opt . $@4 rhses.1

    $default  reduce using rule 81 ($@4)

    $@4  go to state 121


State 103

   30 params: "{...}" .

    $default  reduce using rule 30 (params)


State 104

   22 prologue_declaration: "%param" $@1 params .  ["%token", "%nterm", "%type", "%destructor", "%printer", "%left", "%right", "%nonassoc", "%precedence", "%code", "%default-prec", "%define", "%defines", "%error-verbose", "%expect", "%expect-rr", "%<flag>", "%file-prefix", "%glr-parser", "%initial-action", "%language", "%name-prefix", "%no-default-prec", "%no-lines", "%nondeterministic-parser", "%output", "%require", "%skeleton", "%start", "%token-table", "%verbose", "%yacc", "%%", "%{...%}", ";", "%param", "%union"]
   29 params: params . "{...}"

    "{...}"  shift, and go to state 122

    $default  reduce using rule 22 (prologue_declaration)


State 105

   43 grammar_declaration: "%union" union_name "{...}" .

    $default  reduce using rule 43 (grammar_declaration)


State 106

   66 tag: "<tag>" .

    $default  reduce using rule 66 (tag)


State 107

   67 tag: "<*>" .

    $default  reduce using rule 67 (tag)


State 108

   68 tag: "<>" .

    $default  reduce using rule 68 (tag)


State 109

   34 grammar_declaration: code_props_type "{...}" generic_symlist .  ["%token", "%nterm", "%type", "%destructor", "%printer", "%left", "%right", "%nonassoc", "%precedence", "%code", "%default-prec", "%define", "%defines", "%error-verbose", "%expect", "%expect-rr", "%<flag>", "%file-prefix", "%glr-parser", "%initial-action", "%language", "%name-prefix", "%no-default-prec", "%no-lines", "%nondeterministic-parser", "%output", "%require", "%skeleton", "%start", "%token-table", "%verbose", "%yacc", "%%", "%{...%}", ";", "%param", "%union"]
   63 generic_symlist: generic_symlist . generic_symlist_item
   64 generic_symlist_item: . symbol
   65                     | . tag
   66 tag: . "<tag>"
   67    | . "<*>"
   68    | . "<>"
  102 id: . "identifier"
  103   | . "char"
  105 symbol: . id
  106       | . string_as_id
  107 string_as_id: . "string"

    "string"      shift, and go to state 65
    "char"        shift, and go to state 66
    "identifier"  shift, and go to state 67
    "<tag>"       shift, and go to state 106
    "<*>"         shift, and go to state 107
    "<>"          shift, and go to state 108

    $default  reduce using rule 34 (grammar_declaration)

    generic_symlist_item  go to state 123
    tag                   go to state 111
    id                    go to state 68
    symbol                go to state 112
    string_as_id          go to state 70


State 110

   62 generic_symlist: generic_symlist_item .

    $default  reduce using rule 62 (generic_symlist)


State 111

   65 generic_symlist_item: tag .

    $default  reduce using rule 65 (generic_symlist_item)


State 112

   64 generic_symlist_item: symbol .

    $default  reduce using rule 64 (generic_symlist_item)


State 113

   49 precedence_declaration: precedence_declarator tag.opt symbols.prec .  ["%token", "%nterm", "%type", "%destructor", "%printer", "%left", "%right", "%nonassoc", "%precedence", "%code", "%default-prec", "%define", "%defines", "%error-verbose", "%expect", "%expect-rr", "%<flag>", "%file-prefix", "%glr-parser", "%initial-action", "%language", "%name-prefix", "%no-default-prec", "%no-lines", "%nondeterministic-parser", "%output", "%require", "%skeleton", "%start", "%token-table", "%verbose", "%yacc", "%%", "%{...%}", ";", "%param", "%union"]
   57 symbols.prec: symbols.prec . symbol.prec
   58 symbol.prec: . symbol
   59            | . symbol "integer"
  102 id: . "identifier"
  103   | . "char"
  105 symbol: . id
  106       | . string_as_id
  107 string_as_id: . "string"

    "string"      shift, and go to state 65
    "char"        shift, and go to state 66
    "identifier"  shift, and go to state 67

    $default  reduce using rule 49 (precedence_declaration)

    symbol.prec   go to state 124
    id            go to state 68
    symbol        go to state 115
    string_as_id  go to state 70


State 114

   56 symbols.prec: symbol.prec .

    $default  reduce using rule 56 (symbols.prec)


State 115

   58 symbol.prec: symbol .  ["string", "%token", "%nterm", "%type", "%destructor", "%printer", "%left", "%right", "%nonassoc", "%precedence", "%code", "%default-prec", "%define", "%defines", "%error-verbose", "%expect", "%expect-rr", "%<flag>", "%file-prefix", "%glr-parser", "%initial-action", "%language", "%name-prefix", "%no-default-prec", "%no-lines", "%nondeterministic-parser", "%output", "%require", "%skeleton", "%start", "%token-table", "%verbose", "%yacc", "char", "identifier", "%%", "%{...%}", ";", "%param", "%union"]
   59            | symbol . "integer"

    "integer"  shift, and go to state 125

    $default  reduce using rule 58 (symbol.prec)


State 116

   75 symbol_defs.1: symbol_defs.1 symbol_def .

    $default  reduce using rule 75 (symbol_defs.1)


State 117

   71 symbol_def: id "integer" .  ["%token", "%nterm", "%type", "%destructor", "%printer", "%left", "%right", "%nonassoc", "%precedence", "%code", "%default-prec", "%define", "%defines", "%error-verbose", "%expect", "%expect-rr", "%<flag>", "%file-prefix", "%glr-parser", "%initial-action", "%language", "%name-prefix", "%no-default-prec", "%no-lines", "%nondeterministic-parser", "%output", "%require", "%skeleton", "%start", "%token-table", "%verbose", "%yacc", "char", "identifier", "%%", "%{...%}", ";", "<tag>", "%param", "%union"]
   73           | id "integer" . string_as_id
  107 string_as_id: . "string"

    "string"  shift, and go to state 65

    $default  reduce using rule 71 (symbol_def)

    string_as_id  go to state 126


State 118

   72 symbol_def: id string_as_id .

    $default  reduce using rule 72 (symbol_def)


State 119

   61 symbols.1: symbols.1 symbol .

    $default  reduce using rule 61 (symbols.1)


State 120

  109 epilogue.opt: "%%" "epilogue" .

    $default  reduce using rule 109 (epilogue.opt)


State 121

   82 rules: id_colon named_ref.opt $@4 . rhses.1
   83 rhses.1: . rhs
   84        | . rhses.1 "|" rhs
   85        | . rhses.1 ";"
   86 rhs: . %empty
   87    | . rhs symbol named_ref.opt
   88    | . rhs "{...}" named_ref.opt
   89    | . rhs "%?{...}"
   90    | . rhs "%empty"
   91    | . rhs "%prec" symbol
   92    | . rhs "%dprec" "integer"
   93    | . rhs "%merge" "<tag>"

    $default  reduce using rule 86 (rhs)

    rhses.1  go to state 127
    rhs      go to state 128


State 122

   29 params: params "{...}" .

    $default  reduce using rule 29 (params)


State 123

   63 generic_symlist: generic_symlist generic_symlist_item .

    $default  reduce using rule 63 (generic_symlist)


State 124

   57 symbols.prec: symbols.prec symbol.prec .

    $default  reduce using rule 57 (symbols.prec)


State 125

   59 symbol.prec: symbol "integer" .

    $default  reduce using rule 59 (symbol.prec)


State 126

   73 symbol_def: id "integer" string_as_id .

    $default  reduce using rule 73 (symbol_def)


State 127

   82 rules: id_colon named_ref.opt $@4 rhses.1 .  ["end of file", error, "%token", "%nterm", "%type", "%destructor", "%printer", "%left", "%right", "%nonassoc", "%precedence", "%code", "%default-prec", "%no-default-prec", "%start", "identifier:", "%%", "%union"]
   84 rhses.1: rhses.1 . "|" rhs
   85        | rhses.1 . ";"

    "|"  shift, and go to state 129
    ";"  shift, and go to state 130

    $default  reduce using rule 82 (rules)


State 128

   83 rhses.1: rhs .  ["end of file", error, "%token", "%nterm", "%type", "%destructor", "%printer", "%left", "%right", "%nonassoc", "%precedence", "%code", "%default-prec", "%no-default-prec", "%start", "identifier:", "%%", "|", ";", "%union"]
   87 rhs: rhs . symbol named_ref.opt
   88    | rhs . "{...}" named_ref.opt
   89    | rhs . "%?{...}"
   90    | rhs . "%empty"
   91    | rhs . "%prec" symbol
   92    | rhs . "%dprec" "integer"
   93    | rhs . "%merge" "<tag>"
  102 id: . "identifier"
  103   | . "char"
  105 symbol: . id
  106       | . string_as_id
  107 string_as_id: . "string"

    "string"      shift, and go to state 65
    "%prec"       shift, and go to state 131
    "%dprec"      shift, and go to state 132
    "%merge"      shift, and go to state 133
    "{...}"       shift, and go to state 134
    "%?{...}"     shift, and go to state 135
    "char"        shift, and go to state 66
    "identifier"  shift, and go to state 67
    "%empty"      shift, and go to state 136

    $default  reduce using rule 83 (rhses.1)

    id            go to state 68
    symbol        go to state 137
    string_as_id  go to state 70


State 129

   84 rhses.1: rhses.1 "|" . rhs
   86 rhs: . %empty
   87    | . rhs symbol named_ref.opt
   88    | . rhs "{...}" named_ref.opt
   89    | . rhs "%?{...}"
   90    | . rhs "%empty"
   91    | . rhs "%prec" symbol
   92    | . rhs "%dprec" "integer"
   93    | . rhs "%merge" "<tag>"

    $default  reduce using rule 86 (rhs)

    rhs  go to state 138


State 130

   85 rhses.1: rhses.1 ";" .

    $default  reduce using rule 85 (rhses.1)


State 131

   91 rhs: rhs "%prec" . symbol
  102 id: . "identifier"
  103   | . "char"
  105 symbol: . id
  106       | . string_as_id
  107 string_as_id: . "string"

    "string"      shift, and go to state 65
    "char"        shift, and go to state 66
    "identifier"  shift, and go to state 67

    id            go to state 68
    symbol        go to state 139
    string_as_id  go to state 70


State 132

   92 rhs: rhs "%dprec" . "integer"

    "integer"  shift, and go to state 140


State 133

   93 rhs: rhs "%merge" . "<tag>"

    "<tag>"  shift, and go to state 141


State 134

   88 rhs: rhs "{...}" . named_ref.opt
   94 named_ref.opt: . %empty  ["end of file", error, "string", "%token", "%nterm", "%type", "%destructor", "%printer", "%left", "%right", "%nonassoc", "%precedence", "%prec", "%dprec", "%merge", "%code", "%default-prec", "%no-default-prec", "%start", "{...}", "%?{...}", "char", "identifier", "identifier:", "%%", "|", ";", "%union", "%empty"]
   95              | . "[identifier]"

    "[identifier]"  shift, and go to state 101

    $default  reduce using rule 94 (named_ref.opt)

    named_ref.opt  go to state 142


State 135

   89 rhs: rhs "%?{...}" .

    $default  reduce using rule 89 (rhs)


State 136

   90 rhs: rhs "%empty" .

    $default  reduce using rule 90 (rhs)


State 137

   87 rhs: rhs symbol . named_ref.opt
   94 named_ref.opt: . %empty  ["end of file", error, "string", "%token", "%nterm", "%type", "%destructor", "%printer", "%left", "%right", "%nonassoc", "%precedence", "%prec", "%dprec", "%merge", "%code", "%default-prec", "%no-default-prec", "%start", "{...}", "%?{...}", "char", "identifier", "identifier:", "%%", "|", ";", "%union", "%empty"]
   95              | . "[identifier]"

    "[identifier]"  shift, and go to state 101

    $default  reduce using rule 94 (named_ref.opt)

    named_ref.opt  go to state 143


State 138

   84 rhses.1: rhses.1 "|" rhs .  ["end of file", error, "%token", "%nterm", "%type", "%destructor", "%printer", "%left", "%right", "%nonassoc", "%precedence", "%code", "%default-prec", "%no-default-prec", "%start", "identifier:", "%%", "|", ";", "%union"]
   87 rhs: rhs . symbol named_ref.opt
   88    | rhs . "{...}" named_ref.opt
   89    | rhs . "%?{...}"
   90    | rhs . "%empty"
   91    | rhs . "%prec" symbol
   92    | rhs . "%dprec" "integer"
   93    | rhs . "%merge" "<tag>"
  102 id: . "identifier"
  103   | . "char"
  105 symbol: . id
  106       | . string_as_id
  107 string_as_id: . "string"

    "string"      shift, and go to state 65
    "%prec"       shift, and go to state 131
    "%dprec"      shift, and go to state 132
    "%merge"      shift, and go to state 133
    "{...}"       shift, and go to state 134
    "%?{...}"     shift, and go to state 135
    "char"        shift, and go to state 66
    "identifier"  shift, and go to state 67
    "%empty"      shift, and go to state 136

    $default  reduce using rule 84 (rhses.1)

    id            go to state 68
    symbol        go to state 137
    string_as_id  go to state 70


State 139

   91 rhs: rhs "%prec" symbol .

    $default  reduce using rule 91 (rhs)


State 140

   92 rhs: rhs "%dprec" "integer" .

    $default  reduce using rule 92 (rhs)


State 141

   93 rhs: rhs "%merge" "<tag>" .

    $default  reduce using rule 93 (rhs)


State 142

   88 rhs: rhs "{...}" named_ref.opt .

    $default  reduce using rule 88 (rhs)


State 143

   87 rhs: rhs symbol named_ref.opt .

    $default  reduce using rule 87 (rhs)
